  [1m[35m (329.3ms)[0m  [1m[35mCREATE DATABASE "plants_app_api_development" ENCODING = 'unicode'[0m
  [1m[35m (235.3ms)[0m  [1m[35mCREATE DATABASE "plants_app_api_test" ENCODING = 'unicode'[0m
  [1m[35m (37.9ms)[0m  [1m[35mCREATE TABLE "schema_migrations" ("version" character varying NOT NULL PRIMARY KEY)[0m
  [1m[35m (4.6ms)[0m  [1m[35mCREATE TABLE "ar_internal_metadata" ("key" character varying NOT NULL PRIMARY KEY, "value" character varying, "created_at" timestamp(6) NOT NULL, "updated_at" timestamp(6) NOT NULL)[0m
  [1m[35m (1.1ms)[0m  [1m[34mSELECT pg_try_advisory_lock(2444143379523275430)[0m
  [1m[35m (0.7ms)[0m  [1m[34mSELECT "schema_migrations"."version" FROM "schema_migrations" ORDER BY "schema_migrations"."version" ASC[0m
Migrating to CreateDiseases (20200222160310)
  [1m[35m (0.1ms)[0m  [1m[35mBEGIN[0m
  [1m[35m (11.9ms)[0m  [1m[35mCREATE TABLE "diseases" ("id" bigserial primary key, "name" character varying, "findThem" character varying, "treatment" character varying, "img" character varying, "created_at" timestamp(6) NOT NULL, "updated_at" timestamp(6) NOT NULL)[0m
  [1m[36mprimary::SchemaMigration Create (2.2ms)[0m  [1m[32mINSERT INTO "schema_migrations" ("version") VALUES ($1) RETURNING "version"[0m  [["version", "20200222160310"]]
  [1m[35m (0.3ms)[0m  [1m[35mCOMMIT[0m
  [1m[36mActiveRecord::InternalMetadata Load (0.6ms)[0m  [1m[34mSELECT "ar_internal_metadata".* FROM "ar_internal_metadata" WHERE "ar_internal_metadata"."key" = $1 LIMIT $2[0m  [["key", "environment"], ["LIMIT", 1]]
  [1m[35m (0.1ms)[0m  [1m[35mBEGIN[0m
  [1m[36mActiveRecord::InternalMetadata Create (4.7ms)[0m  [1m[32mINSERT INTO "ar_internal_metadata" ("key", "value", "created_at", "updated_at") VALUES ($1, $2, $3, $4) RETURNING "key"[0m  [["key", "environment"], ["value", "development"], ["created_at", "2020-02-22 16:05:20.416685"], ["updated_at", "2020-02-22 16:05:20.416685"]]
  [1m[35m (0.5ms)[0m  [1m[35mCOMMIT[0m
  [1m[35m (0.3ms)[0m  [1m[34mSELECT pg_advisory_unlock(2444143379523275430)[0m
  [1m[35m (0.5ms)[0m  [1m[34mSELECT "schema_migrations"."version" FROM "schema_migrations" ORDER BY "schema_migrations"."version" ASC[0m
  [1m[35m (0.4ms)[0m  [1m[34mSELECT "schema_migrations"."version" FROM "schema_migrations" ORDER BY "schema_migrations"."version" ASC[0m
  [1m[35m (0.1ms)[0m  [1m[35mBEGIN[0m
  [1m[36mDisease Create (1.4ms)[0m  [1m[32mINSERT INTO "diseases" ("name", "findThem", "treatment", "img", "created_at", "updated_at") VALUES ($1, $2, $3, $4, $5, $6) RETURNING "id"[0m  [["name", "Whiteflies"], ["findThem", "Typically you will find whiteflies underside of plant leaves. If you lightly shake the plant you will see the flies fly up"], ["treatment", "Sticky trap is a good way to get rid of whiteflies and to keep them under control. You can also spray the area with water or dunk the plant in luke warm water to get rid of them."], ["img", "https://i.imgur.com/IUdmpLW.png"], ["created_at", "2020-02-22 16:08:07.558526"], ["updated_at", "2020-02-22 16:08:07.558526"]]
  [1m[35m (0.3ms)[0m  [1m[35mCOMMIT[0m
  [1m[35m (0.1ms)[0m  [1m[35mBEGIN[0m
  [1m[36mDisease Create (0.2ms)[0m  [1m[32mINSERT INTO "diseases" ("name", "findThem", "treatment", "img", "created_at", "updated_at") VALUES ($1, $2, $3, $4, $5, $6) RETURNING "id"[0m  [["name", "Fungus Gnats"], ["findThem", "These are tiny little black or brown insects that are not harmful but annoying. These insects can quickly grow in numbers if not kept under controll"], ["treatment", "Allow 1/2 - 1 inch of top soil to dry out before watering your plants. Yellow sticky trap is a good solution to keep these insects at bay. Laying pebbles or sand can prevent the gnats from lying eggs"], ["img", "https://i.imgur.com/rJkqKPQ.png"], ["created_at", "2020-02-22 16:08:07.563336"], ["updated_at", "2020-02-22 16:08:07.563336"]]
  [1m[35m (0.3ms)[0m  [1m[35mCOMMIT[0m
  [1m[35m (0.2ms)[0m  [1m[35mBEGIN[0m
  [1m[36mDisease Create (0.6ms)[0m  [1m[32mINSERT INTO "diseases" ("name", "findThem", "treatment", "img", "created_at", "updated_at") VALUES ($1, $2, $3, $4, $5, $6) RETURNING "id"[0m  [["name", "Leaf Miners"], ["findThem", "Look for brown, white or opaque trails on a leaf. Also, leaves that were affected by this bug can display dots on leaves "], ["treatment", "Best way to get rid is to cut off affected leaves and treat your plant with insecticide."], ["img", "https://i.imgur.com/LscGPYa.png"], ["created_at", "2020-02-22 16:08:07.566436"], ["updated_at", "2020-02-22 16:08:07.566436"]]
  [1m[35m (0.3ms)[0m  [1m[35mCOMMIT[0m
  [1m[35m (0.1ms)[0m  [1m[35mBEGIN[0m
  [1m[36mDisease Create (0.2ms)[0m  [1m[32mINSERT INTO "diseases" ("name", "findThem", "treatment", "img", "created_at", "updated_at") VALUES ($1, $2, $3, $4, $5, $6) RETURNING "id"[0m  [["name", "Thrips"], ["findThem", "Black or brown sap sucking insects usually found on plants that spent time outdoors. Signs of infestasion include dull, molted leaves, silvery white streaks, and distorted growth."], ["treatment", "Sticky traps can reduce numbers of thrips. Spray your plant with incesticide or biological control to get rid og this pest."], ["img", "https://i.imgur.com/iK0IAIO.png"], ["created_at", "2020-02-22 16:08:07.571392"], ["updated_at", "2020-02-22 16:08:07.571392"]]
  [1m[35m (0.3ms)[0m  [1m[35mCOMMIT[0m
  [1m[35m (0.1ms)[0m  [1m[35mBEGIN[0m
  [1m[36mDisease Create (0.6ms)[0m  [1m[32mINSERT INTO "diseases" ("name", "findThem", "treatment", "img", "created_at", "updated_at") VALUES ($1, $2, $3, $4, $5, $6) RETURNING "id"[0m  [["name", "Spider Mites"], ["findThem", "Look for foliage that has specks and webbing beween the leaves and stems. Spider mites are very small so sometimes examining your plant with magnifying glass can help you see the mites. "], ["treatment", "First thing quarantine infected plant, then spray the plant with insecticide to controll the population. "], ["img", "https://i.imgur.com/NoxGr5d.png"], ["created_at", "2020-02-22 16:08:07.574562"], ["updated_at", "2020-02-22 16:08:07.574562"]]
  [1m[35m (0.2ms)[0m  [1m[35mCOMMIT[0m
  [1m[35m (0.1ms)[0m  [1m[35mBEGIN[0m
  [1m[36mDisease Create (0.2ms)[0m  [1m[32mINSERT INTO "diseases" ("name", "findThem", "treatment", "img", "created_at", "updated_at") VALUES ($1, $2, $3, $4, $5, $6) RETURNING "id"[0m  [["name", "Aphids"], ["findThem", "They can be green, black, grey, or orange. Aphids suck sap which then colonizes sooty mold. They can also spread viruses."], ["treatment", "Yellow sticky trap and water spray works well to get rid of this pest."], ["img", "https://i.imgur.com/Tb06kaO.png"], ["created_at", "2020-02-22 16:08:07.578057"], ["updated_at", "2020-02-22 16:08:07.578057"]]
  [1m[35m (0.9ms)[0m  [1m[35mCOMMIT[0m
  [1m[35m (0.1ms)[0m  [1m[35mBEGIN[0m
  [1m[36mDisease Create (0.2ms)[0m  [1m[32mINSERT INTO "diseases" ("name", "findThem", "treatment", "img", "created_at", "updated_at") VALUES ($1, $2, $3, $4, $5, $6) RETURNING "id"[0m  [["name", "Scale Insects"], ["findThem", "These insects look like brown lups on the stem of the plant. The aslso secreat sticky sap which can lead to sooty mold. If not controlled your plant will weaken and the leaves will turn yellow."], ["treatment", "Rub them off or use insecticide otr biological control."], ["img", "https://i.imgur.com/PrspHvw.png"], ["created_at", "2020-02-22 16:08:07.582069"], ["updated_at", "2020-02-22 16:08:07.582069"]]
  [1m[35m (0.3ms)[0m  [1m[35mCOMMIT[0m
  [1m[35m (0.1ms)[0m  [1m[35mBEGIN[0m
  [1m[36mDisease Create (0.3ms)[0m  [1m[32mINSERT INTO "diseases" ("name", "findThem", "treatment", "img", "created_at", "updated_at") VALUES ($1, $2, $3, $4, $5, $6) RETURNING "id"[0m  [["name", "Mealybugs"], ["findThem", "White, slow moving insects usually form in a cluster. An infestation can lead to yellowing of leaves, leaf fall, and wilting."], ["treatment", "Rub insects off with damp cloth soaked in insecticide or try to spray the plant with incesticide weekly. It is very hard to get rid of this bug and best solution at times id to disgard the plant."], ["img", "https://i.imgur.com/5PIBIzs.png"], ["created_at", "2020-02-22 16:08:07.585746"], ["updated_at", "2020-02-22 16:08:07.585746"]]
  [1m[35m (0.3ms)[0m  [1m[35mCOMMIT[0m
  [1m[35m (0.4ms)[0m  [1m[34mSELECT "schema_migrations"."version" FROM "schema_migrations" ORDER BY "schema_migrations"."version" ASC[0m
  [1m[35m (0.1ms)[0m  [1m[35mBEGIN[0m
  [1m[36mDisease Create (0.4ms)[0m  [1m[32mINSERT INTO "diseases" ("name", "findThem", "treatment", "img", "created_at", "updated_at") VALUES ($1, $2, $3, $4, $5, $6) RETURNING "id"[0m  [["name", "Whiteflies"], ["findThem", "Typically you will find whiteflies underside of plant leaves. If you lightly shake the plant you will see the flies fly up"], ["treatment", "Sticky trap is a good way to get rid of whiteflies and to keep them under control. You can also spray the area with water or dunk the plant in luke warm water to get rid of them."], ["img", "https://i.imgur.com/IUdmpLW.png"], ["created_at", "2020-02-22 16:14:21.774411"], ["updated_at", "2020-02-22 16:14:21.774411"]]
  [1m[35m (0.3ms)[0m  [1m[35mCOMMIT[0m
  [1m[35m (0.1ms)[0m  [1m[35mBEGIN[0m
  [1m[36mDisease Create (0.2ms)[0m  [1m[32mINSERT INTO "diseases" ("name", "findThem", "treatment", "img", "created_at", "updated_at") VALUES ($1, $2, $3, $4, $5, $6) RETURNING "id"[0m  [["name", "Fungus Gnats"], ["findThem", "These are tiny little black or brown insects that are not harmful but annoying. These insects can quickly grow in numbers if not kept under controll"], ["treatment", "Allow 1/2 - 1 inch of top soil to dry out before watering your plants. Yellow sticky trap is a good solution to keep these insects at bay. Laying pebbles or sand can prevent the gnats from lying eggs"], ["img", "https://i.imgur.com/rJkqKPQ.png"], ["created_at", "2020-02-22 16:14:21.778032"], ["updated_at", "2020-02-22 16:14:21.778032"]]
  [1m[35m (0.3ms)[0m  [1m[35mCOMMIT[0m
  [1m[35m (0.1ms)[0m  [1m[35mBEGIN[0m
  [1m[36mDisease Create (0.2ms)[0m  [1m[32mINSERT INTO "diseases" ("name", "findThem", "treatment", "img", "created_at", "updated_at") VALUES ($1, $2, $3, $4, $5, $6) RETURNING "id"[0m  [["name", "Leaf Miners"], ["findThem", "Look for brown, white or opaque trails on a leaf. Also, leaves that were affected by this bug can display dots on leaves "], ["treatment", "Best way to get rid is to cut off affected leaves and treat your plant with insecticide."], ["img", "https://i.imgur.com/LscGPYa.png"], ["created_at", "2020-02-22 16:14:21.781022"], ["updated_at", "2020-02-22 16:14:21.781022"]]
  [1m[35m (0.3ms)[0m  [1m[35mCOMMIT[0m
  [1m[35m (0.1ms)[0m  [1m[35mBEGIN[0m
  [1m[36mDisease Create (0.3ms)[0m  [1m[32mINSERT INTO "diseases" ("name", "findThem", "treatment", "img", "created_at", "updated_at") VALUES ($1, $2, $3, $4, $5, $6) RETURNING "id"[0m  [["name", "Thrips"], ["findThem", "Black or brown sap sucking insects usually found on plants that spent time outdoors. Signs of infestasion include dull, molted leaves, silvery white streaks, and distorted growth."], ["treatment", "Sticky traps can reduce numbers of thrips. Spray your plant with incesticide or biological control to get rid og this pest."], ["img", "https://i.imgur.com/iK0IAIO.png"], ["created_at", "2020-02-22 16:14:21.784442"], ["updated_at", "2020-02-22 16:14:21.784442"]]
  [1m[35m (0.4ms)[0m  [1m[35mCOMMIT[0m
  [1m[35m (0.1ms)[0m  [1m[35mBEGIN[0m
  [1m[36mDisease Create (0.2ms)[0m  [1m[32mINSERT INTO "diseases" ("name", "findThem", "treatment", "img", "created_at", "updated_at") VALUES ($1, $2, $3, $4, $5, $6) RETURNING "id"[0m  [["name", "Spider Mites"], ["findThem", "Look for foliage that has specks and webbing beween the leaves and stems. Spider mites are very small so sometimes examining your plant with magnifying glass can help you see the mites. "], ["treatment", "First thing quarantine infected plant, then spray the plant with insecticide to controll the population. "], ["img", "https://i.imgur.com/NoxGr5d.png"], ["created_at", "2020-02-22 16:14:21.788501"], ["updated_at", "2020-02-22 16:14:21.788501"]]
  [1m[35m (0.3ms)[0m  [1m[35mCOMMIT[0m
  [1m[35m (0.1ms)[0m  [1m[35mBEGIN[0m
  [1m[36mDisease Create (0.2ms)[0m  [1m[32mINSERT INTO "diseases" ("name", "findThem", "treatment", "img", "created_at", "updated_at") VALUES ($1, $2, $3, $4, $5, $6) RETURNING "id"[0m  [["name", "Aphids"], ["findThem", "They can be green, black, grey, or orange. Aphids suck sap which then colonizes sooty mold. They can also spread viruses."], ["treatment", "Yellow sticky trap and water spray works well to get rid of this pest."], ["img", "https://i.imgur.com/Tb06kaO.png"], ["created_at", "2020-02-22 16:14:21.792380"], ["updated_at", "2020-02-22 16:14:21.792380"]]
  [1m[35m (0.3ms)[0m  [1m[35mCOMMIT[0m
  [1m[35m (0.1ms)[0m  [1m[35mBEGIN[0m
  [1m[36mDisease Create (0.2ms)[0m  [1m[32mINSERT INTO "diseases" ("name", "findThem", "treatment", "img", "created_at", "updated_at") VALUES ($1, $2, $3, $4, $5, $6) RETURNING "id"[0m  [["name", "Scale Insects"], ["findThem", "These insects look like brown lups on the stem of the plant. The aslso secreat sticky sap which can lead to sooty mold. If not controlled your plant will weaken and the leaves will turn yellow."], ["treatment", "Rub them off or use insecticide otr biological control."], ["img", "https://i.imgur.com/PrspHvw.png"], ["created_at", "2020-02-22 16:14:21.795785"], ["updated_at", "2020-02-22 16:14:21.795785"]]
  [1m[35m (0.3ms)[0m  [1m[35mCOMMIT[0m
  [1m[35m (0.1ms)[0m  [1m[35mBEGIN[0m
  [1m[36mDisease Create (0.2ms)[0m  [1m[32mINSERT INTO "diseases" ("name", "findThem", "treatment", "img", "created_at", "updated_at") VALUES ($1, $2, $3, $4, $5, $6) RETURNING "id"[0m  [["name", "Mealybugs"], ["findThem", "White, slow moving insects usually form in a cluster. An infestation can lead to yellowing of leaves, leaf fall, and wilting."], ["treatment", "Rub insects off with damp cloth soaked in insecticide or try to spray the plant with incesticide weekly. It is very hard to get rid of this bug and best solution at times id to disgard the plant."], ["img", "https://i.imgur.com/5PIBIzs.png"], ["created_at", "2020-02-22 16:14:21.799280"], ["updated_at", "2020-02-22 16:14:21.799280"]]
  [1m[35m (0.3ms)[0m  [1m[35mCOMMIT[0m
Started GET "/" for ::1 at 2020-02-22 08:18:54 -0800
  [1m[35m (0.4ms)[0m  [1m[34mSELECT "schema_migrations"."version" FROM "schema_migrations" ORDER BY "schema_migrations"."version" ASC[0m
Processing by Rails::WelcomeController#index as HTML
  Rendering /Users/anya/.rbenv/versions/2.7.0/lib/ruby/gems/2.7.0/gems/railties-6.0.2.1/lib/rails/templates/rails/welcome/index.html.erb
  Rendered /Users/anya/.rbenv/versions/2.7.0/lib/ruby/gems/2.7.0/gems/railties-6.0.2.1/lib/rails/templates/rails/welcome/index.html.erb (Duration: 8.0ms | Allocations: 410)
Completed 200 OK in 16ms (Views: 12.5ms | ActiveRecord: 0.0ms | Allocations: 2271)


Started GET "/diseases" for ::1 at 2020-02-22 08:19:20 -0800
Processing by DiseasesController#index as HTML
  [1m[36mDisease Load (2.4ms)[0m  [1m[34mSELECT "diseases".* FROM "diseases"[0m
  ↳ app/controllers/diseases_controller.rb:8:in `index'
Completed 200 OK in 33ms (Views: 19.4ms | ActiveRecord: 7.8ms | Allocations: 7187)


Started GET "/disease" for ::1 at 2020-02-22 08:24:39 -0800
  
ActionController::RoutingError (No route matches [GET] "/disease"):
  
actionpack (6.0.2.1) lib/action_dispatch/middleware/debug_exceptions.rb:36:in `call'
actionpack (6.0.2.1) lib/action_dispatch/middleware/show_exceptions.rb:33:in `call'
railties (6.0.2.1) lib/rails/rack/logger.rb:38:in `call_app'
railties (6.0.2.1) lib/rails/rack/logger.rb:26:in `block in call'
activesupport (6.0.2.1) lib/active_support/tagged_logging.rb:80:in `block in tagged'
activesupport (6.0.2.1) lib/active_support/tagged_logging.rb:28:in `tagged'
activesupport (6.0.2.1) lib/active_support/tagged_logging.rb:80:in `tagged'
railties (6.0.2.1) lib/rails/rack/logger.rb:26:in `call'
actionpack (6.0.2.1) lib/action_dispatch/middleware/remote_ip.rb:81:in `call'
actionpack (6.0.2.1) lib/action_dispatch/middleware/request_id.rb:27:in `call'
rack (2.2.2) lib/rack/runtime.rb:22:in `call'
activesupport (6.0.2.1) lib/active_support/cache/strategy/local_cache_middleware.rb:29:in `call'
actionpack (6.0.2.1) lib/action_dispatch/middleware/executor.rb:14:in `call'
actionpack (6.0.2.1) lib/action_dispatch/middleware/static.rb:126:in `call'
rack (2.2.2) lib/rack/sendfile.rb:110:in `call'
actionpack (6.0.2.1) lib/action_dispatch/middleware/host_authorization.rb:83:in `call'
railties (6.0.2.1) lib/rails/engine.rb:526:in `call'
puma (4.3.1) lib/puma/configuration.rb:228:in `call'
puma (4.3.1) lib/puma/server.rb:681:in `handle_request'
puma (4.3.1) lib/puma/server.rb:472:in `process_client'
puma (4.3.1) lib/puma/server.rb:328:in `block in run'
puma (4.3.1) lib/puma/thread_pool.rb:134:in `block in spawn_thread'
Started GET "/favicon.ico" for ::1 at 2020-02-22 08:24:42 -0800
  
ActionController::RoutingError (No route matches [GET] "/favicon.ico"):
  
actionpack (6.0.2.1) lib/action_dispatch/middleware/debug_exceptions.rb:36:in `call'
actionpack (6.0.2.1) lib/action_dispatch/middleware/show_exceptions.rb:33:in `call'
railties (6.0.2.1) lib/rails/rack/logger.rb:38:in `call_app'
railties (6.0.2.1) lib/rails/rack/logger.rb:26:in `block in call'
activesupport (6.0.2.1) lib/active_support/tagged_logging.rb:80:in `block in tagged'
activesupport (6.0.2.1) lib/active_support/tagged_logging.rb:28:in `tagged'
activesupport (6.0.2.1) lib/active_support/tagged_logging.rb:80:in `tagged'
railties (6.0.2.1) lib/rails/rack/logger.rb:26:in `call'
actionpack (6.0.2.1) lib/action_dispatch/middleware/remote_ip.rb:81:in `call'
actionpack (6.0.2.1) lib/action_dispatch/middleware/request_id.rb:27:in `call'
rack (2.2.2) lib/rack/runtime.rb:22:in `call'
activesupport (6.0.2.1) lib/active_support/cache/strategy/local_cache_middleware.rb:29:in `call'
actionpack (6.0.2.1) lib/action_dispatch/middleware/executor.rb:14:in `call'
actionpack (6.0.2.1) lib/action_dispatch/middleware/static.rb:126:in `call'
rack (2.2.2) lib/rack/sendfile.rb:110:in `call'
actionpack (6.0.2.1) lib/action_dispatch/middleware/host_authorization.rb:83:in `call'
railties (6.0.2.1) lib/rails/engine.rb:526:in `call'
puma (4.3.1) lib/puma/configuration.rb:228:in `call'
puma (4.3.1) lib/puma/server.rb:681:in `handle_request'
puma (4.3.1) lib/puma/server.rb:472:in `process_client'
puma (4.3.1) lib/puma/server.rb:328:in `block in run'
puma (4.3.1) lib/puma/thread_pool.rb:134:in `block in spawn_thread'
Started GET "/pests" for ::1 at 2020-02-22 08:24:57 -0800
  
ActionController::RoutingError (No route matches [GET] "/pests"):
  
actionpack (6.0.2.1) lib/action_dispatch/middleware/debug_exceptions.rb:36:in `call'
actionpack (6.0.2.1) lib/action_dispatch/middleware/show_exceptions.rb:33:in `call'
railties (6.0.2.1) lib/rails/rack/logger.rb:38:in `call_app'
railties (6.0.2.1) lib/rails/rack/logger.rb:26:in `block in call'
activesupport (6.0.2.1) lib/active_support/tagged_logging.rb:80:in `block in tagged'
activesupport (6.0.2.1) lib/active_support/tagged_logging.rb:28:in `tagged'
activesupport (6.0.2.1) lib/active_support/tagged_logging.rb:80:in `tagged'
railties (6.0.2.1) lib/rails/rack/logger.rb:26:in `call'
actionpack (6.0.2.1) lib/action_dispatch/middleware/remote_ip.rb:81:in `call'
actionpack (6.0.2.1) lib/action_dispatch/middleware/request_id.rb:27:in `call'
rack (2.2.2) lib/rack/runtime.rb:22:in `call'
activesupport (6.0.2.1) lib/active_support/cache/strategy/local_cache_middleware.rb:29:in `call'
actionpack (6.0.2.1) lib/action_dispatch/middleware/executor.rb:14:in `call'
actionpack (6.0.2.1) lib/action_dispatch/middleware/static.rb:126:in `call'
rack (2.2.2) lib/rack/sendfile.rb:110:in `call'
actionpack (6.0.2.1) lib/action_dispatch/middleware/host_authorization.rb:83:in `call'
railties (6.0.2.1) lib/rails/engine.rb:526:in `call'
puma (4.3.1) lib/puma/configuration.rb:228:in `call'
puma (4.3.1) lib/puma/server.rb:681:in `handle_request'
puma (4.3.1) lib/puma/server.rb:472:in `process_client'
puma (4.3.1) lib/puma/server.rb:328:in `block in run'
puma (4.3.1) lib/puma/thread_pool.rb:134:in `block in spawn_thread'
Started GET "/diseases" for ::1 at 2020-02-22 08:25:15 -0800
Processing by DiseasesController#index as HTML
  [1m[36mDisease Load (0.7ms)[0m  [1m[34mSELECT "diseases".* FROM "diseases"[0m
  ↳ app/controllers/diseases_controller.rb:8:in `index'
Completed 200 OK in 7ms (Views: 6.1ms | ActiveRecord: 0.7ms | Allocations: 3007)


Started GET "/diseases" for ::1 at 2020-02-22 08:26:03 -0800
Processing by DiseasesController#index as */*
  [1m[36mDisease Load (0.5ms)[0m  [1m[34mSELECT "diseases".* FROM "diseases"[0m
  ↳ app/controllers/diseases_controller.rb:8:in `index'
Completed 200 OK in 16ms (Views: 13.4ms | ActiveRecord: 0.5ms | Allocations: 2961)


Started GET "/diseases" for ::1 at 2020-02-22 08:26:15 -0800
Processing by DiseasesController#index as */*
  [1m[36mDisease Load (0.4ms)[0m  [1m[34mSELECT "diseases".* FROM "diseases"[0m
  ↳ app/controllers/diseases_controller.rb:8:in `index'
Completed 200 OK in 8ms (Views: 6.8ms | ActiveRecord: 0.4ms | Allocations: 2975)


Started GET "/diseases" for ::1 at 2020-02-22 08:26:46 -0800
Processing by DiseasesController#index as */*
  [1m[36mDisease Load (4.8ms)[0m  [1m[34mSELECT "diseases".* FROM "diseases"[0m
  ↳ app/controllers/diseases_controller.rb:8:in `index'
Completed 200 OK in 46ms (Views: 40.4ms | ActiveRecord: 4.8ms | Allocations: 2961)


Started GET "/diseases" for ::1 at 2020-02-22 08:27:53 -0800
Processing by DiseasesController#index as */*
  [1m[36mDisease Load (1.4ms)[0m  [1m[34mSELECT "diseases".* FROM "diseases"[0m
  ↳ app/controllers/diseases_controller.rb:8:in `index'
Completed 200 OK in 8ms (Views: 6.0ms | ActiveRecord: 1.4ms | Allocations: 2975)


Started GET "/diseases" for ::1 at 2020-02-22 08:33:14 -0800
Processing by DiseasesController#index as */*
  [1m[36mDisease Load (0.9ms)[0m  [1m[34mSELECT "diseases".* FROM "diseases"[0m
  ↳ app/controllers/diseases_controller.rb:8:in `index'
Completed 200 OK in 11ms (Views: 9.6ms | ActiveRecord: 0.9ms | Allocations: 3034)


Started GET "/diseases" for ::1 at 2020-02-22 08:33:28 -0800
Processing by DiseasesController#index as */*
  [1m[36mDisease Load (0.3ms)[0m  [1m[34mSELECT "diseases".* FROM "diseases"[0m
  ↳ app/controllers/diseases_controller.rb:8:in `index'
Completed 200 OK in 5ms (Views: 4.4ms | ActiveRecord: 0.3ms | Allocations: 2961)


Started GET "/diseases" for ::1 at 2020-02-22 08:35:05 -0800
Processing by DiseasesController#index as */*
  [1m[36mDisease Load (0.3ms)[0m  [1m[34mSELECT "diseases".* FROM "diseases"[0m
  ↳ app/controllers/diseases_controller.rb:8:in `index'
Completed 200 OK in 8ms (Views: 7.1ms | ActiveRecord: 0.3ms | Allocations: 2961)


Started GET "/diseases" for ::1 at 2020-02-22 08:35:14 -0800
Processing by DiseasesController#index as */*
  [1m[36mDisease Load (0.3ms)[0m  [1m[34mSELECT "diseases".* FROM "diseases"[0m
  ↳ app/controllers/diseases_controller.rb:8:in `index'
Completed 200 OK in 5ms (Views: 4.0ms | ActiveRecord: 0.3ms | Allocations: 2960)


Started GET "/diseases" for ::1 at 2020-02-22 08:35:24 -0800
Processing by DiseasesController#index as */*
  [1m[36mDisease Load (2.5ms)[0m  [1m[34mSELECT "diseases".* FROM "diseases"[0m
  ↳ app/controllers/diseases_controller.rb:8:in `index'
Completed 200 OK in 9ms (Views: 6.1ms | ActiveRecord: 2.5ms | Allocations: 2960)


Started GET "/diseases" for ::1 at 2020-02-22 08:36:23 -0800
Processing by DiseasesController#index as */*
  [1m[36mDisease Load (0.3ms)[0m  [1m[34mSELECT "diseases".* FROM "diseases"[0m
  ↳ app/controllers/diseases_controller.rb:8:in `index'
Completed 200 OK in 4ms (Views: 3.7ms | ActiveRecord: 0.3ms | Allocations: 2960)


Started GET "/diseases" for ::1 at 2020-02-22 08:36:36 -0800
Processing by DiseasesController#index as */*
  [1m[36mDisease Load (0.3ms)[0m  [1m[34mSELECT "diseases".* FROM "diseases"[0m
  ↳ app/controllers/diseases_controller.rb:8:in `index'
Completed 200 OK in 6ms (Views: 5.4ms | ActiveRecord: 0.3ms | Allocations: 2960)


Started GET "/diseases" for ::1 at 2020-02-22 08:38:19 -0800
Processing by DiseasesController#index as */*
  [1m[36mDisease Load (0.3ms)[0m  [1m[34mSELECT "diseases".* FROM "diseases"[0m
  ↳ app/controllers/diseases_controller.rb:8:in `index'
Completed 200 OK in 5ms (Views: 4.7ms | ActiveRecord: 0.3ms | Allocations: 2960)


Started GET "/diseases" for ::1 at 2020-02-22 08:40:22 -0800
Processing by DiseasesController#index as */*
  [1m[36mDisease Load (0.8ms)[0m  [1m[34mSELECT "diseases".* FROM "diseases"[0m
  ↳ app/controllers/diseases_controller.rb:8:in `index'
Completed 200 OK in 11ms (Views: 9.4ms | ActiveRecord: 0.8ms | Allocations: 2960)


Started GET "/diseases" for ::1 at 2020-02-22 08:40:53 -0800
Processing by DiseasesController#index as */*
  [1m[36mDisease Load (0.7ms)[0m  [1m[34mSELECT "diseases".* FROM "diseases"[0m
  ↳ app/controllers/diseases_controller.rb:8:in `index'
Completed 200 OK in 15ms (Views: 13.7ms | ActiveRecord: 0.7ms | Allocations: 2960)


Started GET "/diseases" for ::1 at 2020-02-22 08:41:30 -0800
Processing by DiseasesController#index as HTML
  [1m[36mDisease Load (0.6ms)[0m  [1m[34mSELECT "diseases".* FROM "diseases"[0m
  ↳ app/controllers/diseases_controller.rb:8:in `index'
Completed 200 OK in 13ms (Views: 11.6ms | ActiveRecord: 0.6ms | Allocations: 2958)


Started GET "/favicon.ico" for ::1 at 2020-02-22 08:41:30 -0800
  
ActionController::RoutingError (No route matches [GET] "/favicon.ico"):
  
actionpack (6.0.2.1) lib/action_dispatch/middleware/debug_exceptions.rb:36:in `call'
actionpack (6.0.2.1) lib/action_dispatch/middleware/show_exceptions.rb:33:in `call'
railties (6.0.2.1) lib/rails/rack/logger.rb:38:in `call_app'
railties (6.0.2.1) lib/rails/rack/logger.rb:26:in `block in call'
activesupport (6.0.2.1) lib/active_support/tagged_logging.rb:80:in `block in tagged'
activesupport (6.0.2.1) lib/active_support/tagged_logging.rb:28:in `tagged'
activesupport (6.0.2.1) lib/active_support/tagged_logging.rb:80:in `tagged'
railties (6.0.2.1) lib/rails/rack/logger.rb:26:in `call'
actionpack (6.0.2.1) lib/action_dispatch/middleware/remote_ip.rb:81:in `call'
actionpack (6.0.2.1) lib/action_dispatch/middleware/request_id.rb:27:in `call'
rack (2.2.2) lib/rack/runtime.rb:22:in `call'
activesupport (6.0.2.1) lib/active_support/cache/strategy/local_cache_middleware.rb:29:in `call'
actionpack (6.0.2.1) lib/action_dispatch/middleware/executor.rb:14:in `call'
actionpack (6.0.2.1) lib/action_dispatch/middleware/static.rb:126:in `call'
rack (2.2.2) lib/rack/sendfile.rb:110:in `call'
actionpack (6.0.2.1) lib/action_dispatch/middleware/host_authorization.rb:83:in `call'
railties (6.0.2.1) lib/rails/engine.rb:526:in `call'
puma (4.3.1) lib/puma/configuration.rb:228:in `call'
puma (4.3.1) lib/puma/server.rb:681:in `handle_request'
puma (4.3.1) lib/puma/server.rb:472:in `process_client'
puma (4.3.1) lib/puma/server.rb:328:in `block in run'
puma (4.3.1) lib/puma/thread_pool.rb:134:in `block in spawn_thread'
Started GET "/diseases" for ::1 at 2020-02-22 08:42:37 -0800
  [1m[35m (1.6ms)[0m  [1m[34mSELECT "schema_migrations"."version" FROM "schema_migrations" ORDER BY "schema_migrations"."version" ASC[0m
Processing by DiseasesController#index as */*
  [1m[36mDisease Load (0.8ms)[0m  [1m[34mSELECT "diseases".* FROM "diseases"[0m
  ↳ app/controllers/diseases_controller.rb:8:in `index'
Completed 200 OK in 35ms (Views: 20.9ms | ActiveRecord: 10.9ms | Allocations: 7180)


Started GET "/diseases" for ::1 at 2020-02-22 08:43:17 -0800
  [1m[35m (0.7ms)[0m  [1m[34mSELECT "schema_migrations"."version" FROM "schema_migrations" ORDER BY "schema_migrations"."version" ASC[0m
Processing by DiseasesController#index as HTML
  [1m[36mDisease Load (0.7ms)[0m  [1m[34mSELECT "diseases".* FROM "diseases"[0m
  ↳ app/controllers/diseases_controller.rb:8:in `index'
Completed 200 OK in 26ms (Views: 15.8ms | ActiveRecord: 7.9ms | Allocations: 7178)


Started GET "/diseases" for ::1 at 2020-02-22 08:43:25 -0800
Processing by DiseasesController#index as */*
  [1m[36mDisease Load (0.4ms)[0m  [1m[34mSELECT "diseases".* FROM "diseases"[0m
  ↳ app/controllers/diseases_controller.rb:8:in `index'
Completed 200 OK in 10ms (Views: 9.2ms | ActiveRecord: 0.4ms | Allocations: 2980)


Started GET "/diseases" for ::1 at 2020-02-22 08:44:31 -0800
Processing by DiseasesController#index as HTML
  [1m[36mDisease Load (0.6ms)[0m  [1m[34mSELECT "diseases".* FROM "diseases"[0m
  ↳ app/controllers/diseases_controller.rb:8:in `index'
Completed 200 OK in 8ms (Views: 7.5ms | ActiveRecord: 0.6ms | Allocations: 2978)


Started GET "/diseases" for ::1 at 2020-02-22 08:45:28 -0800
  [1m[35m (0.8ms)[0m  [1m[34mSELECT "schema_migrations"."version" FROM "schema_migrations" ORDER BY "schema_migrations"."version" ASC[0m
Processing by DiseasesController#index as */*
  [1m[36mDisease Load (0.7ms)[0m  [1m[34mSELECT "diseases".* FROM "diseases"[0m
  ↳ app/controllers/diseases_controller.rb:8:in `index'
Completed 200 OK in 30ms (Views: 19.5ms | ActiveRecord: 5.7ms | Allocations: 7180)


Started GET "/diseases" for ::1 at 2020-02-22 08:50:43 -0800
Processing by DiseasesController#index as */*
  [1m[36mDisease Load (0.9ms)[0m  [1m[34mSELECT "diseases".* FROM "diseases"[0m
  ↳ app/controllers/diseases_controller.rb:8:in `index'
Completed 200 OK in 14ms (Views: 12.3ms | ActiveRecord: 0.9ms | Allocations: 2979)


Started GET "/diseases" for ::1 at 2020-02-22 08:54:44 -0800
Processing by DiseasesController#index as */*
  [1m[36mDisease Load (0.7ms)[0m  [1m[34mSELECT "diseases".* FROM "diseases"[0m
  ↳ app/controllers/diseases_controller.rb:8:in `index'
Completed 200 OK in 8ms (Views: 7.4ms | ActiveRecord: 0.7ms | Allocations: 2979)


Started GET "/diseases" for ::1 at 2020-02-22 08:55:07 -0800
Processing by DiseasesController#index as */*
  [1m[36mDisease Load (1.3ms)[0m  [1m[34mSELECT "diseases".* FROM "diseases"[0m
  ↳ app/controllers/diseases_controller.rb:8:in `index'
Completed 200 OK in 12ms (Views: 10.1ms | ActiveRecord: 1.3ms | Allocations: 2961)


Started GET "/diseases" for ::1 at 2020-02-22 08:56:13 -0800
Processing by DiseasesController#index as */*
  [1m[36mDisease Load (1.0ms)[0m  [1m[34mSELECT "diseases".* FROM "diseases"[0m
  ↳ app/controllers/diseases_controller.rb:8:in `index'
Completed 200 OK in 12ms (Views: 10.4ms | ActiveRecord: 1.0ms | Allocations: 2979)


Started GET "/diseases" for ::1 at 2020-02-22 08:56:50 -0800
  [1m[35m (0.8ms)[0m  [1m[34mSELECT "schema_migrations"."version" FROM "schema_migrations" ORDER BY "schema_migrations"."version" ASC[0m
Processing by DiseasesController#index as */*
  [1m[36mDisease Load (0.7ms)[0m  [1m[34mSELECT "diseases".* FROM "diseases"[0m
  ↳ app/controllers/diseases_controller.rb:8:in `index'
Completed 200 OK in 30ms (Views: 17.2ms | ActiveRecord: 9.8ms | Allocations: 7180)


Started GET "/diseases" for ::1 at 2020-02-22 08:57:31 -0800
  [1m[35m (0.8ms)[0m  [1m[34mSELECT "schema_migrations"."version" FROM "schema_migrations" ORDER BY "schema_migrations"."version" ASC[0m
Processing by DiseasesController#index as */*
  [1m[36mDisease Load (0.7ms)[0m  [1m[34mSELECT "diseases".* FROM "diseases"[0m
  ↳ app/controllers/diseases_controller.rb:8:in `index'
Completed 200 OK in 26ms (Views: 18.0ms | ActiveRecord: 5.9ms | Allocations: 7180)


Started GET "/diseases" for ::1 at 2020-02-22 08:58:51 -0800
Processing by DiseasesController#index as */*
  [1m[36mDisease Load (0.9ms)[0m  [1m[34mSELECT "diseases".* FROM "diseases"[0m
  ↳ app/controllers/diseases_controller.rb:8:in `index'
Completed 200 OK in 11ms (Views: 9.6ms | ActiveRecord: 0.9ms | Allocations: 2979)


Started GET "/diseases" for ::1 at 2020-02-22 09:42:00 -0800
  [1m[35m (0.5ms)[0m  [1m[34mSELECT "schema_migrations"."version" FROM "schema_migrations" ORDER BY "schema_migrations"."version" ASC[0m
Processing by DiseasesController#index as */*
  [1m[36mDisease Load (1.4ms)[0m  [1m[34mSELECT "diseases".* FROM "diseases"[0m
  ↳ app/controllers/diseases_controller.rb:8:in `index'
Completed 200 OK in 21ms (Views: 11.4ms | ActiveRecord: 7.2ms | Allocations: 7180)


Started GET "/diseases" for ::1 at 2020-02-22 09:42:03 -0800
Processing by DiseasesController#index as */*
  [1m[36mDisease Load (0.4ms)[0m  [1m[34mSELECT "diseases".* FROM "diseases"[0m
  ↳ app/controllers/diseases_controller.rb:8:in `index'
Completed 200 OK in 6ms (Views: 5.3ms | ActiveRecord: 0.4ms | Allocations: 2979)


Started GET "/diseases" for ::1 at 2020-02-22 09:42:44 -0800
Processing by DiseasesController#index as */*
  [1m[36mDisease Load (1.9ms)[0m  [1m[34mSELECT "diseases".* FROM "diseases"[0m
  ↳ app/controllers/diseases_controller.rb:8:in `index'
Completed 200 OK in 9ms (Views: 7.0ms | ActiveRecord: 1.9ms | Allocations: 2979)


Started GET "/diseases" for ::1 at 2020-02-22 09:42:58 -0800
Processing by DiseasesController#index as */*
  [1m[36mDisease Load (0.3ms)[0m  [1m[34mSELECT "diseases".* FROM "diseases"[0m
  ↳ app/controllers/diseases_controller.rb:8:in `index'
Completed 200 OK in 6ms (Views: 5.0ms | ActiveRecord: 0.3ms | Allocations: 2979)


Started GET "/diseases" for ::1 at 2020-02-22 09:46:04 -0800
Processing by DiseasesController#index as */*
  [1m[36mDisease Load (1.0ms)[0m  [1m[34mSELECT "diseases".* FROM "diseases"[0m
  ↳ app/controllers/diseases_controller.rb:8:in `index'
Completed 200 OK in 18ms (Views: 13.9ms | ActiveRecord: 1.0ms | Allocations: 2979)


Started GET "/diseases" for ::1 at 2020-02-22 09:56:30 -0800
Processing by DiseasesController#index as */*
  [1m[36mDisease Load (0.6ms)[0m  [1m[34mSELECT "diseases".* FROM "diseases"[0m
  ↳ app/controllers/diseases_controller.rb:8:in `index'
Completed 200 OK in 8ms (Views: 6.6ms | ActiveRecord: 0.6ms | Allocations: 3035)


Started GET "/diseases" for ::1 at 2020-02-22 09:56:40 -0800
Processing by DiseasesController#index as */*
  [1m[36mDisease Load (0.4ms)[0m  [1m[34mSELECT "diseases".* FROM "diseases"[0m
  ↳ app/controllers/diseases_controller.rb:8:in `index'
Completed 200 OK in 6ms (Views: 5.3ms | ActiveRecord: 0.4ms | Allocations: 2961)


Started GET "/diseases" for ::1 at 2020-02-22 09:59:26 -0800
Processing by DiseasesController#index as */*
  [1m[36mDisease Load (0.3ms)[0m  [1m[34mSELECT "diseases".* FROM "diseases"[0m
  ↳ app/controllers/diseases_controller.rb:8:in `index'
Completed 200 OK in 5ms (Views: 4.6ms | ActiveRecord: 0.3ms | Allocations: 2961)


Started GET "/diseases" for ::1 at 2020-02-22 09:59:30 -0800
Processing by DiseasesController#index as */*
  [1m[36mDisease Load (0.2ms)[0m  [1m[34mSELECT "diseases".* FROM "diseases"[0m
  ↳ app/controllers/diseases_controller.rb:8:in `index'
Completed 200 OK in 4ms (Views: 3.5ms | ActiveRecord: 0.2ms | Allocations: 2961)


Started GET "/diseases" for ::1 at 2020-02-22 10:01:20 -0800
Processing by DiseasesController#index as */*
  [1m[36mDisease Load (0.5ms)[0m  [1m[34mSELECT "diseases".* FROM "diseases"[0m
  ↳ app/controllers/diseases_controller.rb:8:in `index'
Completed 200 OK in 8ms (Views: 7.4ms | ActiveRecord: 0.5ms | Allocations: 2961)


Started GET "/diseases" for ::1 at 2020-02-22 10:02:01 -0800
Processing by DiseasesController#index as */*
  [1m[36mDisease Load (0.3ms)[0m  [1m[34mSELECT "diseases".* FROM "diseases"[0m
  ↳ app/controllers/diseases_controller.rb:8:in `index'
Completed 200 OK in 7ms (Views: 6.3ms | ActiveRecord: 0.3ms | Allocations: 2961)


